# JRE version: Java(TM) SE Runtime Environment (8.0_251-b08) (build 1.8.0_251-b08)
# Java VM: Java HotSpot(TM) 64-Bit Server VM (25.251-b08 mixed mode bsd-amd64 compressed oops)
Heap:
 PSYoungGen      total 249344K, used 64519K [0x0000000795580000, 0x00000007a5700000, 0x00000007c0000000)
  eden space 240128K, 23% used [0x0000000795580000,0x0000000798b82e78,0x00000007a4000000)
  from space 9216K, 99% used [0x00000007a4e00000,0x00000007a56fefe0,0x00000007a5700000)
  to   space 11264K, 0% used [0x00000007a4100000,0x00000007a4100000,0x00000007a4c00000)
 ParOldGen       total 46592K, used 7846K [0x0000000740000000, 0x0000000742d80000, 0x0000000795580000)
  object space 46592K, 16% used [0x0000000740000000,0x00000007407a9b30,0x0000000742d80000)
 Metaspace       used 30139K, capacity 32294K, committed 32384K, reserved 1077248K
  class space    used 4039K, capacity 4431K, committed 4480K, reserved 1048576K
GC Heap History (10 events):
Event: 2.568 GC heap before
{Heap before GC invocations=5 (full 0):
 PSYoungGen      total 71680K, used 71663K [0x0000000795580000, 0x000000079a080000, 0x00000007c0000000)
  eden space 66560K, 100% used [0x0000000795580000,0x0000000799680000,0x0000000799680000)
  from space 5120K, 99% used [0x0000000799b80000,0x000000079a07be00,0x000000079a080000)
  to   space 5120K, 0% used [0x0000000799680000,0x0000000799680000,0x0000000799b80000)
 ParOldGen       total 87552K, used 990K [0x0000000740000000, 0x0000000745580000, 0x0000000795580000)
  object space 87552K, 1% used [0x0000000740000000,0x00000007400f7950,0x0000000745580000)
 Metaspace       used 20351K, capacity 21212K, committed 21248K, reserved 1067008K
  class space    used 2578K, capacity 2789K, committed 2816K, reserved 1048576K
Event: 2.577 GC heap after
Heap after GC invocations=5 (full 0):
 PSYoungGen      total 71680K, used 5105K [0x0000000795580000, 0x000000079e980000, 0x00000007c0000000)
  eden space 66560K, 0% used [0x0000000795580000,0x0000000795580000,0x0000000799680000)
  from space 5120K, 99% used [0x0000000799680000,0x0000000799b7c740,0x0000000799b80000)
  to   space 9216K, 0% used [0x000000079e080000,0x000000079e080000,0x000000079e980000)
 ParOldGen       total 87552K, used 4797K [0x0000000740000000, 0x0000000745580000, 0x0000000795580000)
  object space 87552K, 5% used [0x0000000740000000,0x00000007404af6b8,0x0000000745580000)
 Metaspace       used 20351K, capacity 21212K, committed 21248K, reserved 1067008K
  class space    used 2578K, capacity 2789K, committed 2816K, reserved 1048576K
}
Event: 2.582 GC heap before
{Heap before GC invocations=6 (full 0):
 PSYoungGen      total 71680K, used 5839K [0x0000000795580000, 0x000000079e980000, 0x00000007c0000000)
  eden space 66560K, 1% used [0x0000000795580000,0x0000000795637640,0x0000000799680000)
  from space 5120K, 99% used [0x0000000799680000,0x0000000799b7c740,0x0000000799b80000)
  to   space 9216K, 0% used [0x000000079e080000,0x000000079e080000,0x000000079e980000)
 ParOldGen       total 87552K, used 4797K [0x0000000740000000, 0x0000000745580000, 0x0000000795580000)
  object space 87552K, 5% used [0x0000000740000000,0x00000007404af6b8,0x0000000745580000)
 Metaspace       used 20355K, capacity 21212K, committed 21248K, reserved 1067008K
  class space    used 2578K, capacity 2789K, committed 2816K, reserved 1048576K
Event: 2.587 GC heap after
Heap after GC invocations=6 (full 0):
 PSYoungGen      total 141312K, used 5125K [0x0000000795580000, 0x000000079e880000, 0x00000007c0000000)
  eden space 133120K, 0% used [0x0000000795580000,0x0000000795580000,0x000000079d780000)
  from space 8192K, 62% used [0x000000079e080000,0x000000079e5815f0,0x000000079e880000)
  to   space 8704K, 0% used [0x000000079d780000,0x000000079d780000,0x000000079e000000)
 ParOldGen       total 87552K, used 4805K [0x0000000740000000, 0x0000000745580000, 0x0000000795580000)
  object space 87552K, 5% used [0x0000000740000000,0x00000007404b16b8,0x0000000745580000)
 Metaspace       used 20355K, capacity 21212K, committed 21248K, reserved 1067008K
  class space    used 2578K, capacity 2789K, committed 2816K, reserved 1048576K
}
Event: 2.588 GC heap before
{Heap before GC invocations=7 (full 1):
 PSYoungGen      total 141312K, used 5125K [0x0000000795580000, 0x000000079e880000, 0x00000007c0000000)
  eden space 133120K, 0% used [0x0000000795580000,0x0000000795580000,0x000000079d780000)
  from space 8192K, 62% used [0x000000079e080000,0x000000079e5815f0,0x000000079e880000)
  to   space 8704K, 0% used [0x000000079d780000,0x000000079d780000,0x000000079e000000)
 ParOldGen       total 87552K, used 4805K [0x0000000740000000, 0x0000000745580000, 0x0000000795580000)
  object space 87552K, 5% used [0x0000000740000000,0x00000007404b16b8,0x0000000745580000)
 Metaspace       used 20355K, capacity 21212K, committed 21248K, reserved 1067008K
  class space    used 2578K, capacity 2789K, committed 2816K, reserved 1048576K
Event: 2.639 GC heap after
Heap after GC invocations=7 (full 1):
 PSYoungGen      total 141312K, used 0K [0x0000000795580000, 0x000000079e880000, 0x00000007c0000000)
  eden space 133120K, 0% used [0x0000000795580000,0x0000000795580000,0x000000079d780000)
  from space 8192K, 0% used [0x000000079e080000,0x000000079e080000,0x000000079e880000)
  to   space 8704K, 0% used [0x000000079d780000,0x000000079d780000,0x000000079e000000)
 ParOldGen       total 46592K, used 5682K [0x0000000740000000, 0x0000000742d80000, 0x0000000795580000)
  object space 46592K, 12% used [0x0000000740000000,0x000000074058c8f0,0x0000000742d80000)
 Metaspace       used 20355K, capacity 21212K, committed 21248K, reserved 1067008K
  class space    used 2578K, capacity 2789K, committed 2816K, reserved 1048576K
}
Event: 4.145 GC heap before
{Heap before GC invocations=8 (full 1):
 PSYoungGen      total 141312K, used 133120K [0x0000000795580000, 0x000000079e880000, 0x00000007c0000000)
  eden space 133120K, 100% used [0x0000000795580000,0x000000079d780000,0x000000079d780000)
  from space 8192K, 0% used [0x000000079e080000,0x000000079e080000,0x000000079e880000)
  to   space 8704K, 0% used [0x000000079d780000,0x000000079d780000,0x000000079e000000)
 ParOldGen       total 46592K, used 5682K [0x0000000740000000, 0x0000000742d80000, 0x0000000795580000)
  object space 46592K, 12% used [0x0000000740000000,0x000000074058c8f0,0x0000000742d80000)
 Metaspace       used 23325K, capacity 24466K, committed 24576K, reserved 1071104K
  class space    used 3027K, capacity 3271K, committed 3328K, reserved 1048576K
Event: 4.153 GC heap after
Heap after GC invocations=8 (full 1):
 PSYoungGen      total 141824K, used 7666K [0x0000000795580000, 0x00000007a5700000, 0x00000007c0000000)
  eden space 133120K, 0% used [0x0000000795580000,0x0000000795580000,0x000000079d780000)
  from space 8704K, 88% used [0x000000079d780000,0x000000079defc900,0x000000079e000000)
  to   space 9216K, 0% used [0x00000007a4e00000,0x00000007a4e00000,0x00000007a5700000)
 ParOldGen       total 46592K, used 5690K [0x0000000740000000, 0x0000000742d80000, 0x0000000795580000)
  object space 46592K, 12% used [0x0000000740000000,0x000000074058e8f0,0x0000000742d80000)
 Metaspace       used 23325K, capacity 24466K, committed 24576K, reserved 1071104K
  class space    used 3027K, capacity 3271K, committed 3328K, reserved 1048576K
}
Event: 8.077 GC heap before
{Heap before GC invocations=9 (full 1):
 PSYoungGen      total 141824K, used 140786K [0x0000000795580000, 0x00000007a5700000, 0x00000007c0000000)
  eden space 133120K, 100% used [0x0000000795580000,0x000000079d780000,0x000000079d780000)
  from space 8704K, 88% used [0x000000079d780000,0x000000079defc900,0x000000079e000000)
  to   space 9216K, 0% used [0x00000007a4e00000,0x00000007a4e00000,0x00000007a5700000)
 ParOldGen       total 46592K, used 5690K [0x0000000740000000, 0x0000000742d80000, 0x0000000795580000)
  object space 46592K, 12% used [0x0000000740000000,0x000000074058e8f0,0x0000000742d80000)
 Metaspace       used 28737K, capacity 30758K, committed 30848K, reserved 1075200K
  class space    used 3817K, capacity 4192K, committed 4224K, reserved 1048576K
Event: 8.103 GC heap after
Heap after GC invocations=9 (full 1):
 PSYoungGen      total 249344K, used 9211K [0x0000000795580000, 0x00000007a5700000, 0x00000007c0000000)
  eden space 240128K, 0% used [0x0000000795580000,0x0000000795580000,0x00000007a4000000)
  from space 9216K, 99% used [0x00000007a4e00000,0x00000007a56fefe0,0x00000007a5700000)
  to   space 11264K, 0% used [0x00000007a4100000,0x00000007a4100000,0x00000007a4c00000)
 ParOldGen       total 46592K, used 7846K [0x0000000740000000, 0x0000000742d80000, 0x0000000795580000)
  object space 46592K, 16% used [0x0000000740000000,0x00000007407a9b30,0x0000000742d80000)
 Metaspace       used 28737K, capacity 30758K, committed 30848K, reserved 1075200K
  class space    used 3817K, capacity 4192K, committed 4224K, reserved 1048576K
}

